Fitter report for EXEX
Tue Jul 07 14:39:49 2015
Version 6.0 Build 178 04/27/2006 SJ Full Version


---------------------
; Table of Contents ;
---------------------
  1. Legal Notice
  2. Fitter Summary
  3. Fitter Settings
  4. Pin-Out File
  5. Fitter Resource Usage Summary
  6. Input Pins
  7. Output Pins
  8. I/O Bank Usage
  9. All Package Pins
 10. Output Pin Default Load For Reported TCO
 11. Fitter Resource Utilization by Entity
 12. Delay Chain Summary
 13. Control Signals
 14. Global & Other Fast Signals
 15. Non-Global High Fan-Out Signals
 16. Interconnect Usage Summary
 17. LAB Logic Elements
 18. LAB-wide Signals
 19. LAB Signals Sourced
 20. LAB Signals Sourced Out
 21. LAB Distinct Inputs
 22. Fitter Device Options
 23. Advanced Data - General
 24. Advanced Data - Placement Preparation
 25. Advanced Data - Placement
 26. Advanced Data - Routing
 27. Fitter Messages
 28. Fitter Suppressed Messages



----------------
; Legal Notice ;
----------------
Copyright (C) 1991-2006 Altera Corporation
Your use of Altera Corporation's design tools, logic functions 
and other software and tools, and its AMPP partner logic 
functions, and any output files any of the foregoing 
(including device programming or simulation files), and any 
associated documentation or information are expressly subject 
to the terms and conditions of the Altera Program License 
Subscription Agreement, Altera MegaCore Function License 
Agreement, or other applicable license agreement, including, 
without limitation, that your use is for the sole purpose of 
programming logic devices manufactured by Altera and sold by 
Altera or its authorized distributors.  Please refer to the 
applicable agreement for further details.



+------------------------------------------------------------------+
; Fitter Summary                                                   ;
+-----------------------+------------------------------------------+
; Fitter Status         ; Successful - Tue Jul 07 14:39:49 2015    ;
; Quartus II Version    ; 6.0 Build 178 04/27/2006 SJ Full Version ;
; Revision Name         ; EXEX                                     ;
; Top-level Entity Name ; EXEX                                     ;
; Family                ; MAX II                                   ;
; Device                ; EPM240T100C5                             ;
; Timing Models         ; Final                                    ;
; Total logic elements  ; 13 / 240 ( 5 % )                         ;
; Total pins            ; 32 / 80 ( 40 % )                         ;
; Total virtual pins    ; 0                                        ;
; UFM blocks            ; 0 / 1 ( 0 % )                            ;
+-----------------------+------------------------------------------+


+--------------------------------------------------------------------------------------------------------------------------+
; Fitter Settings                                                                                                          ;
+--------------------------------------------------------+--------------------------------+--------------------------------+
; Option                                                 ; Setting                        ; Default Value                  ;
+--------------------------------------------------------+--------------------------------+--------------------------------+
; Device                                                 ; EPM240T100C5                   ;                                ;
; Use smart compilation                                  ; Off                            ; Off                            ;
; Router Timing Optimization Level                       ; Normal                         ; Normal                         ;
; Placement Effort Multiplier                            ; 1.0                            ; 1.0                            ;
; Router Effort Multiplier                               ; 1.0                            ; 1.0                            ;
; Optimize Hold Timing                                   ; IO Paths and Minimum TPD Paths ; IO Paths and Minimum TPD Paths ;
; Optimize Fast-Corner Timing                            ; Off                            ; Off                            ;
; Guarantee I/O Paths Have Zero Hold Time at Fast Corner ; On                             ; On                             ;
; PowerPlay Power Optimization                           ; Normal compilation             ; Normal compilation             ;
; Optimize Timing                                        ; Normal compilation             ; Normal compilation             ;
; Optimize IOC Register Placement for Timing             ; On                             ; On                             ;
; Limit to One Fitting Attempt                           ; Off                            ; Off                            ;
; Final Placement Optimizations                          ; Automatically                  ; Automatically                  ;
; Fitter Aggressive Routability Optimizations            ; Automatically                  ; Automatically                  ;
; Fitter Initial Placement Seed                          ; 1                              ; 1                              ;
; Slow Slew Rate                                         ; Off                            ; Off                            ;
; PCI I/O                                                ; Off                            ; Off                            ;
; Weak Pull-Up Resistor                                  ; Off                            ; Off                            ;
; Enable Bus-Hold Circuitry                              ; Off                            ; Off                            ;
; Auto Delay Chains                                      ; On                             ; On                             ;
; Perform Physical Synthesis for Combinational Logic     ; Off                            ; Off                            ;
; Perform Register Duplication                           ; Off                            ; Off                            ;
; Perform Register Retiming                              ; Off                            ; Off                            ;
; Perform Asynchronous Signal Pipelining                 ; Off                            ; Off                            ;
; Fitter Effort                                          ; Auto Fit                       ; Auto Fit                       ;
; Physical Synthesis Effort Level                        ; Normal                         ; Normal                         ;
; Logic Cell Insertion - Logic Duplication               ; Auto                           ; Auto                           ;
; Auto Register Duplication                              ; Auto                           ; Auto                           ;
; Auto Global Clock                                      ; On                             ; On                             ;
; Auto Global Register Control Signals                   ; On                             ; On                             ;
; Always Enable Input Buffers                            ; Off                            ; Off                            ;
+--------------------------------------------------------+--------------------------------+--------------------------------+


+--------------+
; Pin-Out File ;
+--------------+
The pin-out file can be found in C:/Users/fsszns/Desktop/EXEX/EXEX.pin.


+----------------------------------------------------------------+
; Fitter Resource Usage Summary                                  ;
+---------------------------------------------+------------------+
; Resource                                    ; Usage            ;
+---------------------------------------------+------------------+
; Total logic elements                        ; 13 / 240 ( 5 % ) ;
;     -- Combinational with no register       ; 5                ;
;     -- Register only                        ; 3                ;
;     -- Combinational with a register        ; 5                ;
;                                             ;                  ;
; Logic element usage by number of LUT inputs ;                  ;
;     -- 4 input functions                    ; 6                ;
;     -- 3 input functions                    ; 2                ;
;     -- 2 input functions                    ; 2                ;
;     -- 1 input functions                    ; 0                ;
;     -- 0 input functions                    ; 3                ;
;                                             ;                  ;
; Logic elements by mode                      ;                  ;
;     -- normal mode                          ; 13               ;
;     -- arithmetic mode                      ; 0                ;
;     -- qfbk mode                            ; 5                ;
;     -- register cascade mode                ; 0                ;
;     -- synchronous clear/load mode          ; 8                ;
;     -- asynchronous clear/load mode         ; 0                ;
;                                             ;                  ;
; Total LABs                                  ; 2 / 24 ( 8 % )   ;
; Logic elements in carry chains              ; 0                ;
; User inserted logic elements                ; 0                ;
; Virtual pins                                ; 0                ;
; I/O pins                                    ; 32 / 80 ( 40 % ) ;
;     -- Clock pins                           ; 0 / 0 ( -- )     ;
; Global signals                              ; 1                ;
; UFM blocks                                  ; 0 / 1 ( 0 % )    ;
; Global clocks                               ; 1 / 4 ( 25 % )   ;
; Maximum fan-out node                        ; CLK_273          ;
; Maximum fan-out                             ; 8                ;
; Highest non-global fan-out signal           ; a74273:inst35|19 ;
; Highest non-global fan-out                  ; 6                ;
; Total fan-out                               ; 60               ;
; Average fan-out                             ; 1.33             ;
+---------------------------------------------+------------------+


+----------------------------------------------------------------------------------------------------------------------------------------------------------------------------------------------------------------+
; Input Pins                                                                                                                                                                                                     ;
+---------+-------+----------+--------------+--------------+-------------+-----------------------+--------------------+--------+-----------------+----------+--------------+--------------+----------------------+
; Name    ; Pin # ; I/O Bank ; X coordinate ; Y coordinate ; Cell number ; Combinational Fan-Out ; Registered Fan-Out ; Global ; PCI I/O Enabled ; Bus Hold ; Weak Pull Up ; I/O Standard ; Location assigned by ;
+---------+-------+----------+--------------+--------------+-------------+-----------------------+--------------------+--------+-----------------+----------+--------------+--------------+----------------------+
; BUS0    ; 40    ; 1        ; 5            ; 0            ; 2           ; 1                     ; 0                  ; no     ; no              ; no       ; Off          ; LVTTL        ; User                 ;
; BUS1    ; 39    ; 1        ; 5            ; 0            ; 3           ; 1                     ; 0                  ; no     ; no              ; no       ; Off          ; LVTTL        ; User                 ;
; BUS2    ; 38    ; 1        ; 4            ; 0            ; 0           ; 1                     ; 0                  ; no     ; no              ; no       ; Off          ; LVTTL        ; User                 ;
; BUS3    ; 37    ; 1        ; 4            ; 0            ; 1           ; 1                     ; 0                  ; no     ; no              ; no       ; Off          ; LVTTL        ; User                 ;
; BUS4    ; 36    ; 1        ; 4            ; 0            ; 2           ; 1                     ; 0                  ; no     ; no              ; no       ; Off          ; LVTTL        ; User                 ;
; BUS5    ; 35    ; 1        ; 3            ; 0            ; 0           ; 1                     ; 0                  ; no     ; no              ; no       ; Off          ; LVTTL        ; User                 ;
; BUS6    ; 34    ; 1        ; 3            ; 0            ; 1           ; 1                     ; 0                  ; no     ; no              ; no       ; Off          ; LVTTL        ; User                 ;
; BUS7    ; 33    ; 1        ; 3            ; 0            ; 2           ; 1                     ; 0                  ; no     ; no              ; no       ; Off          ; LVTTL        ; User                 ;
; CLK_273 ; 18    ; 1        ; 1            ; 1            ; 0           ; 8                     ; 0                  ; yes    ; no              ; no       ; Off          ; LVTTL        ; User                 ;
; LDR1N   ; 21    ; 1        ; 1            ; 1            ; 3           ; 0                     ; 0                  ; no     ; no              ; no       ; Off          ; LVTTL        ; User                 ;
; LDR3N   ; 28    ; 1        ; 2            ; 0            ; 1           ; 1                     ; 0                  ; no     ; no              ; no       ; Off          ; LVTTL        ; User                 ;
; LDRi    ; 1     ; 2        ; 2            ; 5            ; 3           ; 3                     ; 0                  ; no     ; no              ; no       ; Off          ; LVTTL        ; User                 ;
; R2BUSN  ; 20    ; 1        ; 1            ; 1            ; 2           ; 0                     ; 0                  ; no     ; no              ; no       ; Off          ; LVTTL        ; User                 ;
; RDBUS   ; 19    ; 1        ; 1            ; 1            ; 1           ; 2                     ; 0                  ; no     ; no              ; no       ; Off          ; LVTTL        ; User                 ;
; RSBUS   ; 17    ; 1        ; 1            ; 2            ; 3           ; 2                     ; 0                  ; no     ; no              ; no       ; Off          ; LVTTL        ; User                 ;
+---------+-------+----------+--------------+--------------+-------------+-----------------------+--------------------+--------+-----------------+----------+--------------+--------------+----------------------+


+----------------------------------------------------------------------------------------------------------------------------------------------------------------------------------------------------------------------------------------------------------------------------+
; Output Pins                                                                                                                                                                                                                                                                ;
+-------+-------+----------+--------------+--------------+-------------+-----------------+----------------+-----------------+------------+---------------+----------+--------------+--------------+------------------+------------------------+----------------------+-------+
; Name  ; Pin # ; I/O Bank ; X coordinate ; Y coordinate ; Cell number ; Output Register ; Slow Slew Rate ; PCI I/O Enabled ; Open Drain ; TRI Primitive ; Bus Hold ; Weak Pull Up ; I/O Standard ; Current Strength ; Fast Output Connection ; Location assigned by ; Load  ;
+-------+-------+----------+--------------+--------------+-------------+-----------------+----------------+-----------------+------------+---------------+----------+--------------+--------------+------------------+------------------------+----------------------+-------+
; IR0   ; 2     ; 1        ; 1            ; 4            ; 0           ; no              ; no             ; no              ; no         ; no            ; no       ; Off          ; LVTTL        ; 16mA             ; no                     ; User                 ; 10 pF ;
; IR1   ; 3     ; 1        ; 1            ; 4            ; 1           ; no              ; no             ; no              ; no         ; no            ; no       ; Off          ; LVTTL        ; 16mA             ; no                     ; User                 ; 10 pF ;
; IR2   ; 4     ; 1        ; 1            ; 4            ; 2           ; no              ; no             ; no              ; no         ; no            ; no       ; Off          ; LVTTL        ; 16mA             ; no                     ; User                 ; 10 pF ;
; IR3   ; 5     ; 1        ; 1            ; 4            ; 3           ; no              ; no             ; no              ; no         ; no            ; no       ; Off          ; LVTTL        ; 16mA             ; no                     ; User                 ; 10 pF ;
; IR4   ; 6     ; 1        ; 1            ; 3            ; 0           ; no              ; no             ; no              ; no         ; no            ; no       ; Off          ; LVTTL        ; 16mA             ; no                     ; User                 ; 10 pF ;
; IR5   ; 7     ; 1        ; 1            ; 3            ; 1           ; no              ; no             ; no              ; no         ; no            ; no       ; Off          ; LVTTL        ; 16mA             ; no                     ; User                 ; 10 pF ;
; IR6   ; 8     ; 1        ; 1            ; 3            ; 2           ; no              ; no             ; no              ; no         ; no            ; no       ; Off          ; LVTTL        ; 16mA             ; no                     ; User                 ; 10 pF ;
; IR7   ; 16    ; 1        ; 1            ; 2            ; 2           ; no              ; no             ; no              ; no         ; no            ; no       ; Off          ; LVTTL        ; 16mA             ; no                     ; User                 ; 10 pF ;
; LDR0  ; 30    ; 1        ; 3            ; 0            ; 3           ; no              ; no             ; no              ; no         ; no            ; no       ; Off          ; LVTTL        ; 16mA             ; no                     ; User                 ; 10 pF ;
; LDR1  ; 26    ; 1        ; 2            ; 0            ; 3           ; no              ; no             ; no              ; no         ; no            ; no       ; Off          ; LVTTL        ; 16mA             ; no                     ; User                 ; 10 pF ;
; LDR2  ; 29    ; 1        ; 2            ; 0            ; 0           ; no              ; no             ; no              ; no         ; no            ; no       ; Off          ; LVTTL        ; 16mA             ; no                     ; User                 ; 10 pF ;
; LDR3  ; 27    ; 1        ; 2            ; 0            ; 2           ; no              ; no             ; no              ; no         ; no            ; no       ; Off          ; LVTTL        ; 16mA             ; no                     ; User                 ; 10 pF ;
; R0BUS ; 41    ; 1        ; 5            ; 0            ; 1           ; no              ; no             ; no              ; no         ; no            ; no       ; Off          ; LVTTL        ; 16mA             ; no                     ; User                 ; 10 pF ;
; R1BUS ; 42    ; 1        ; 5            ; 0            ; 0           ; no              ; no             ; no              ; no         ; no            ; no       ; Off          ; LVTTL        ; 16mA             ; no                     ; User                 ; 10 pF ;
; R2BUS ; 43    ; 1        ; 6            ; 0            ; 3           ; no              ; no             ; no              ; no         ; no            ; no       ; Off          ; LVTTL        ; 16mA             ; no                     ; User                 ; 10 pF ;
; TEST1 ; 48    ; 1        ; 6            ; 0            ; 0           ; no              ; no             ; no              ; no         ; no            ; no       ; Off          ; LVTTL        ; 16mA             ; no                     ; User                 ; 10 pF ;
; TEST2 ; 47    ; 1        ; 6            ; 0            ; 1           ; no              ; no             ; no              ; no         ; no            ; no       ; Off          ; LVTTL        ; 16mA             ; no                     ; User                 ; 10 pF ;
+-------+-------+----------+--------------+--------------+-------------+-----------------+----------------+-----------------+------------+---------------+----------+--------------+--------------+------------------+------------------------+----------------------+-------+


+------------------------------------------------------------+
; I/O Bank Usage                                             ;
+----------+------------------+---------------+--------------+
; I/O Bank ; Usage            ; VCCIO Voltage ; VREF Voltage ;
+----------+------------------+---------------+--------------+
; 1        ; 31 / 38 ( 82 % ) ; 3.3V          ; --           ;
; 2        ; 1 / 42 ( 2 % )   ; 3.3V          ; --           ;
+----------+------------------+---------------+--------------+


+----------------------------------------------------------------------------------------------------------------------------------------------+
; All Package Pins                                                                                                                             ;
+----------+------------+----------+----------------+--------+--------------+---------+------------+-----------------+----------+--------------+
; Location ; Pad Number ; I/O Bank ; Pin Name/Usage ; Dir.   ; I/O Standard ; Voltage ; I/O Type   ; User Assignment ; Bus Hold ; Weak Pull Up ;
+----------+------------+----------+----------------+--------+--------------+---------+------------+-----------------+----------+--------------+
; 1        ; 83         ; 2        ; LDRi           ; input  ; LVTTL        ;         ; Column I/O ; Y               ; no       ; Off          ;
; 2        ; 0          ; 1        ; IR0            ; output ; LVTTL        ;         ; Row I/O    ; Y               ; no       ; Off          ;
; 3        ; 1          ; 1        ; IR1            ; output ; LVTTL        ;         ; Row I/O    ; Y               ; no       ; Off          ;
; 4        ; 2          ; 1        ; IR2            ; output ; LVTTL        ;         ; Row I/O    ; Y               ; no       ; Off          ;
; 5        ; 3          ; 1        ; IR3            ; output ; LVTTL        ;         ; Row I/O    ; Y               ; no       ; Off          ;
; 6        ; 4          ; 1        ; IR4            ; output ; LVTTL        ;         ; Row I/O    ; Y               ; no       ; Off          ;
; 7        ; 5          ; 1        ; IR5            ; output ; LVTTL        ;         ; Row I/O    ; Y               ; no       ; Off          ;
; 8        ; 6          ; 1        ; IR6            ; output ; LVTTL        ;         ; Row I/O    ; Y               ; no       ; Off          ;
; 9        ;            ; 1        ; VCCIO1         ; power  ;              ; 3.3V    ; --         ;                 ; --       ; --           ;
; 10       ;            ;          ; GNDIO          ; gnd    ;              ;         ; --         ;                 ; --       ; --           ;
; 11       ;            ;          ; GNDINT         ; gnd    ;              ;         ; --         ;                 ; --       ; --           ;
; 12       ; 7          ; 1        ; GND*           ;        ;              ;         ; Row I/O    ;                 ; no       ; Off          ;
; 13       ;            ;          ; VCCINT         ; power  ;              ; 3.3V    ; --         ;                 ; --       ; --           ;
; 14       ; 8          ; 1        ; GND*           ;        ;              ;         ; Row I/O    ;                 ; no       ; Off          ;
; 15       ; 9          ; 1        ; GND*           ;        ;              ;         ; Row I/O    ;                 ; no       ; Off          ;
; 16       ; 10         ; 1        ; IR7            ; output ; LVTTL        ;         ; Row I/O    ; Y               ; no       ; Off          ;
; 17       ; 11         ; 1        ; RSBUS          ; input  ; LVTTL        ;         ; Row I/O    ; Y               ; no       ; Off          ;
; 18       ; 12         ; 1        ; CLK_273        ; input  ; LVTTL        ;         ; Row I/O    ; Y               ; no       ; Off          ;
; 19       ; 13         ; 1        ; RDBUS          ; input  ; LVTTL        ;         ; Row I/O    ; Y               ; no       ; Off          ;
; 20       ; 14         ; 1        ; R2BUSN         ; input  ; LVTTL        ;         ; Row I/O    ; Y               ; no       ; Off          ;
; 21       ; 15         ; 1        ; LDR1N          ; input  ; LVTTL        ;         ; Row I/O    ; Y               ; no       ; Off          ;
; 22       ; 16         ; 1        ; #TMS           ; input  ;              ;         ; --         ;                 ; --       ; --           ;
; 23       ; 17         ; 1        ; #TDI           ; input  ;              ;         ; --         ;                 ; --       ; --           ;
; 24       ; 18         ; 1        ; #TCK           ; input  ;              ;         ; --         ;                 ; --       ; --           ;
; 25       ; 19         ; 1        ; #TDO           ; output ;              ;         ; --         ;                 ; --       ; --           ;
; 26       ; 20         ; 1        ; LDR1           ; output ; LVTTL        ;         ; Column I/O ; Y               ; no       ; Off          ;
; 27       ; 21         ; 1        ; LDR3           ; output ; LVTTL        ;         ; Column I/O ; Y               ; no       ; Off          ;
; 28       ; 22         ; 1        ; LDR3N          ; input  ; LVTTL        ;         ; Column I/O ; Y               ; no       ; Off          ;
; 29       ; 23         ; 1        ; LDR2           ; output ; LVTTL        ;         ; Column I/O ; Y               ; no       ; Off          ;
; 30       ; 24         ; 1        ; LDR0           ; output ; LVTTL        ;         ; Column I/O ; Y               ; no       ; Off          ;
; 31       ;            ; 1        ; VCCIO1         ; power  ;              ; 3.3V    ; --         ;                 ; --       ; --           ;
; 32       ;            ;          ; GNDIO          ; gnd    ;              ;         ; --         ;                 ; --       ; --           ;
; 33       ; 25         ; 1        ; BUS7           ; input  ; LVTTL        ;         ; Column I/O ; Y               ; no       ; Off          ;
; 34       ; 26         ; 1        ; BUS6           ; input  ; LVTTL        ;         ; Column I/O ; Y               ; no       ; Off          ;
; 35       ; 27         ; 1        ; BUS5           ; input  ; LVTTL        ;         ; Column I/O ; Y               ; no       ; Off          ;
; 36       ; 28         ; 1        ; BUS4           ; input  ; LVTTL        ;         ; Column I/O ; Y               ; no       ; Off          ;
; 37       ; 29         ; 1        ; BUS3           ; input  ; LVTTL        ;         ; Column I/O ; Y               ; no       ; Off          ;
; 38       ; 30         ; 1        ; BUS2           ; input  ; LVTTL        ;         ; Column I/O ; Y               ; no       ; Off          ;
; 39       ; 31         ; 1        ; BUS1           ; input  ; LVTTL        ;         ; Column I/O ; Y               ; no       ; Off          ;
; 40       ; 32         ; 1        ; BUS0           ; input  ; LVTTL        ;         ; Column I/O ; Y               ; no       ; Off          ;
; 41       ; 33         ; 1        ; R0BUS          ; output ; LVTTL        ;         ; Column I/O ; Y               ; no       ; Off          ;
; 42       ; 34         ; 1        ; R1BUS          ; output ; LVTTL        ;         ; Column I/O ; Y               ; no       ; Off          ;
; 43       ; 35         ; 1        ; R2BUS          ; output ; LVTTL        ;         ; Column I/O ; Y               ; no       ; Off          ;
; 44       ; 36         ; 1        ; GND*           ;        ;              ;         ; Column I/O ;                 ; no       ; Off          ;
; 45       ;            ; 1        ; VCCIO1         ; power  ;              ; 3.3V    ; --         ;                 ; --       ; --           ;
; 46       ;            ;          ; GNDIO          ; gnd    ;              ;         ; --         ;                 ; --       ; --           ;
; 47       ; 37         ; 1        ; TEST2          ; output ; LVTTL        ;         ; Column I/O ; Y               ; no       ; Off          ;
; 48       ; 38         ; 1        ; TEST1          ; output ; LVTTL        ;         ; Column I/O ; Y               ; no       ; Off          ;
; 49       ; 39         ; 1        ; GND*           ;        ;              ;         ; Column I/O ;                 ; no       ; Off          ;
; 50       ; 40         ; 1        ; GND*           ;        ;              ;         ; Column I/O ;                 ; no       ; Off          ;
; 51       ; 41         ; 1        ; GND*           ;        ;              ;         ; Column I/O ;                 ; no       ; Off          ;
; 52       ; 42         ; 2        ; GND*           ;        ;              ;         ; Row I/O    ;                 ; no       ; Off          ;
; 53       ; 43         ; 2        ; GND*           ;        ;              ;         ; Row I/O    ;                 ; no       ; Off          ;
; 54       ; 44         ; 2        ; GND*           ;        ;              ;         ; Row I/O    ;                 ; no       ; Off          ;
; 55       ; 45         ; 2        ; GND*           ;        ;              ;         ; Row I/O    ;                 ; no       ; Off          ;
; 56       ; 46         ; 2        ; GND*           ;        ;              ;         ; Row I/O    ;                 ; no       ; Off          ;
; 57       ; 47         ; 2        ; GND*           ;        ;              ;         ; Row I/O    ;                 ; no       ; Off          ;
; 58       ; 48         ; 2        ; GND*           ;        ;              ;         ; Row I/O    ;                 ; no       ; Off          ;
; 59       ;            ; 2        ; VCCIO2         ; power  ;              ; 3.3V    ; --         ;                 ; --       ; --           ;
; 60       ;            ;          ; GNDIO          ; gnd    ;              ;         ; --         ;                 ; --       ; --           ;
; 61       ; 49         ; 2        ; GND*           ;        ;              ;         ; Row I/O    ;                 ; no       ; Off          ;
; 62       ; 50         ; 2        ; GND*           ;        ;              ;         ; Row I/O    ;                 ; no       ; Off          ;
; 63       ;            ;          ; VCCINT         ; power  ;              ; 3.3V    ; --         ;                 ; --       ; --           ;
; 64       ; 51         ; 2        ; GND*           ;        ;              ;         ; Row I/O    ;                 ; no       ; Off          ;
; 65       ;            ;          ; GNDINT         ; gnd    ;              ;         ; --         ;                 ; --       ; --           ;
; 66       ; 52         ; 2        ; GND*           ;        ;              ;         ; Row I/O    ;                 ; no       ; Off          ;
; 67       ; 53         ; 2        ; GND*           ;        ;              ;         ; Row I/O    ;                 ; no       ; Off          ;
; 68       ; 54         ; 2        ; GND*           ;        ;              ;         ; Row I/O    ;                 ; no       ; Off          ;
; 69       ; 55         ; 2        ; GND*           ;        ;              ;         ; Row I/O    ;                 ; no       ; Off          ;
; 70       ; 56         ; 2        ; GND*           ;        ;              ;         ; Row I/O    ;                 ; no       ; Off          ;
; 71       ; 57         ; 2        ; GND*           ;        ;              ;         ; Row I/O    ;                 ; no       ; Off          ;
; 72       ; 58         ; 2        ; GND*           ;        ;              ;         ; Row I/O    ;                 ; no       ; Off          ;
; 73       ; 59         ; 2        ; GND*           ;        ;              ;         ; Row I/O    ;                 ; no       ; Off          ;
; 74       ; 60         ; 2        ; GND*           ;        ;              ;         ; Row I/O    ;                 ; no       ; Off          ;
; 75       ; 61         ; 2        ; GND*           ;        ;              ;         ; Column I/O ;                 ; no       ; Off          ;
; 76       ; 62         ; 2        ; GND*           ;        ;              ;         ; Column I/O ;                 ; no       ; Off          ;
; 77       ; 63         ; 2        ; GND*           ;        ;              ;         ; Column I/O ;                 ; no       ; Off          ;
; 78       ; 64         ; 2        ; GND*           ;        ;              ;         ; Column I/O ;                 ; no       ; Off          ;
; 79       ;            ;          ; GNDIO          ; gnd    ;              ;         ; --         ;                 ; --       ; --           ;
; 80       ;            ; 2        ; VCCIO2         ; power  ;              ; 3.3V    ; --         ;                 ; --       ; --           ;
; 81       ; 65         ; 2        ; GND*           ;        ;              ;         ; Column I/O ;                 ; no       ; Off          ;
; 82       ; 66         ; 2        ; GND*           ;        ;              ;         ; Column I/O ;                 ; no       ; Off          ;
; 83       ; 67         ; 2        ; GND*           ;        ;              ;         ; Column I/O ;                 ; no       ; Off          ;
; 84       ; 68         ; 2        ; GND*           ;        ;              ;         ; Column I/O ;                 ; no       ; Off          ;
; 85       ; 69         ; 2        ; GND*           ;        ;              ;         ; Column I/O ;                 ; no       ; Off          ;
; 86       ; 70         ; 2        ; GND*           ;        ;              ;         ; Column I/O ;                 ; no       ; Off          ;
; 87       ; 71         ; 2        ; GND*           ;        ;              ;         ; Column I/O ;                 ; no       ; Off          ;
; 88       ; 72         ; 2        ; GND*           ;        ;              ;         ; Column I/O ;                 ; no       ; Off          ;
; 89       ; 73         ; 2        ; GND*           ;        ;              ;         ; Column I/O ;                 ; no       ; Off          ;
; 90       ; 74         ; 2        ; GND*           ;        ;              ;         ; Column I/O ;                 ; no       ; Off          ;
; 91       ; 75         ; 2        ; GND*           ;        ;              ;         ; Column I/O ;                 ; no       ; Off          ;
; 92       ; 76         ; 2        ; GND*           ;        ;              ;         ; Column I/O ;                 ; no       ; Off          ;
; 93       ;            ;          ; GNDIO          ; gnd    ;              ;         ; --         ;                 ; --       ; --           ;
; 94       ;            ; 2        ; VCCIO2         ; power  ;              ; 3.3V    ; --         ;                 ; --       ; --           ;
; 95       ; 77         ; 2        ; GND*           ;        ;              ;         ; Column I/O ;                 ; no       ; Off          ;
; 96       ; 78         ; 2        ; GND*           ;        ;              ;         ; Column I/O ;                 ; no       ; Off          ;
; 97       ; 79         ; 2        ; GND*           ;        ;              ;         ; Column I/O ;                 ; no       ; Off          ;
; 98       ; 80         ; 2        ; GND*           ;        ;              ;         ; Column I/O ;                 ; no       ; Off          ;
; 99       ; 81         ; 2        ; GND*           ;        ;              ;         ; Column I/O ;                 ; no       ; Off          ;
; 100      ; 82         ; 2        ; GND*           ;        ;              ;         ; Column I/O ;                 ; no       ; Off          ;
+----------+------------+----------+----------------+--------+--------------+---------+------------+-----------------+----------+--------------+


+-------------------------------------------------------------+
; Output Pin Default Load For Reported TCO                    ;
+----------------------------+-------+------------------------+
; I/O Standard               ; Load  ; Termination Resistance ;
+----------------------------+-------+------------------------+
; LVTTL                      ; 10 pF ; Not Available          ;
; LVCMOS                     ; 10 pF ; Not Available          ;
; 2.5 V                      ; 10 pF ; Not Available          ;
; 1.8 V                      ; 10 pF ; Not Available          ;
; 1.5 V                      ; 10 pF ; Not Available          ;
; 3.3V Schmitt Trigger Input ; 10 pF ; Not Available          ;
; 2.5V Schmitt Trigger Input ; 10 pF ; Not Available          ;
+----------------------------+-------+------------------------+
Note: User assignments will override these defaults. The user specified values are listed in the Output Pins and Bidir Pins tables.


+-------------------------------------------------------------------------------------------------------------------------------------------------------------------------------------------------------+
; Fitter Resource Utilization by Entity                                                                                                                                                                 ;
+----------------------------+-------------+--------------+------------+------+--------------+--------------+-------------------+------------------+-----------------+------------+---------------------+
; Compilation Hierarchy Node ; Logic Cells ; LC Registers ; UFM Blocks ; Pins ; Virtual Pins ; LUT-Only LCs ; Register-Only LCs ; LUT/Register LCs ; Carry Chain LCs ; Packed LCs ; Full Hierarchy Name ;
+----------------------------+-------------+--------------+------------+------+--------------+--------------+-------------------+------------------+-----------------+------------+---------------------+
; |EXEX                      ; 13 (0)      ; 8            ; 0          ; 32   ; 0            ; 5 (0)        ; 3 (0)             ; 5 (0)            ; 0 (0)           ; 5 (0)      ; |EXEX               ;
;    |a7411:inst26|          ; 1 (1)       ; 0            ; 0          ; 0    ; 0            ; 1 (1)        ; 0 (0)             ; 0 (0)            ; 0 (0)           ; 1 (1)      ; |EXEX|a7411:inst26  ;
;    |a7411:inst27|          ; 1 (1)       ; 0            ; 0          ; 0    ; 0            ; 1 (1)        ; 0 (0)             ; 0 (0)            ; 0 (0)           ; 0 (0)      ; |EXEX|a7411:inst27  ;
;    |a7411:inst29|          ; 1 (1)       ; 0            ; 0          ; 0    ; 0            ; 1 (1)        ; 0 (0)             ; 0 (0)            ; 0 (0)           ; 0 (0)      ; |EXEX|a7411:inst29  ;
;    |a74240:inst33|         ; 0 (0)       ; 0            ; 0          ; 0    ; 0            ; 0 (0)        ; 0 (0)             ; 0 (0)            ; 0 (0)           ; 1 (1)      ; |EXEX|a74240:inst33 ;
;    |a74273:inst35|         ; 8 (8)       ; 8            ; 0          ; 0    ; 0            ; 0 (0)        ; 3 (3)             ; 5 (5)            ; 0 (0)           ; 0 (0)      ; |EXEX|a74273:inst35 ;
;    |a7432:inst32|          ; 1 (1)       ; 0            ; 0          ; 0    ; 0            ; 1 (1)        ; 0 (0)             ; 0 (0)            ; 0 (0)           ; 0 (0)      ; |EXEX|a7432:inst32  ;
;    |a7455:inst22|          ; 1 (1)       ; 0            ; 0          ; 0    ; 0            ; 1 (1)        ; 0 (0)             ; 0 (0)            ; 0 (0)           ; 0 (0)      ; |EXEX|a7455:inst22  ;
;    |a7455:inst23|          ; 0 (0)       ; 0            ; 0          ; 0    ; 0            ; 0 (0)        ; 0 (0)             ; 0 (0)            ; 0 (0)           ; 3 (3)      ; |EXEX|a7455:inst23  ;
+----------------------------+-------------+--------------+------------+------+--------------+--------------+-------------------+------------------+-----------------+------------+---------------------+
Note: For table entries with two numbers listed, the numbers in parentheses indicate the number of resources of the given type used by the specific entity alone. The numbers listed outside of parentheses indicate the total resources of the given type used by the specific entity and all of its sub-entities in the hierarchy.


+------------------------------------+
; Delay Chain Summary                ;
+---------+----------+---------------+
; Name    ; Pin Type ; Pad to Core 0 ;
+---------+----------+---------------+
; LDR1N   ; Input    ; 0             ;
; R2BUSN  ; Input    ; 0             ;
; LDRi    ; Input    ; 0             ;
; LDR3N   ; Input    ; 0             ;
; RSBUS   ; Input    ; 0             ;
; RDBUS   ; Input    ; 0             ;
; BUS7    ; Input    ; 1             ;
; CLK_273 ; Input    ; 0             ;
; BUS6    ; Input    ; 1             ;
; BUS5    ; Input    ; 1             ;
; BUS4    ; Input    ; 1             ;
; BUS3    ; Input    ; 1             ;
; BUS2    ; Input    ; 1             ;
; BUS1    ; Input    ; 1             ;
; BUS0    ; Input    ; 1             ;
; IR7     ; Output   ; --            ;
; IR6     ; Output   ; --            ;
; IR5     ; Output   ; --            ;
; IR4     ; Output   ; --            ;
; IR3     ; Output   ; --            ;
; IR2     ; Output   ; --            ;
; IR1     ; Output   ; --            ;
; IR0     ; Output   ; --            ;
; LDR0    ; Output   ; --            ;
; LDR1    ; Output   ; --            ;
; LDR2    ; Output   ; --            ;
; LDR3    ; Output   ; --            ;
; TEST1   ; Output   ; --            ;
; TEST2   ; Output   ; --            ;
; R0BUS   ; Output   ; --            ;
; R1BUS   ; Output   ; --            ;
; R2BUS   ; Output   ; --            ;
+---------+----------+---------------+


+-----------------------------------------------------------------------------------------+
; Control Signals                                                                         ;
+---------+----------+---------+-------+--------+----------------------+------------------+
; Name    ; Location ; Fan-Out ; Usage ; Global ; Global Resource Used ; Global Line Name ;
+---------+----------+---------+-------+--------+----------------------+------------------+
; CLK_273 ; PIN_18   ; 8       ; Clock ; yes    ; Global clock         ; GCLK3            ;
+---------+----------+---------+-------+--------+----------------------+------------------+


+------------------------------------------------------------------------+
; Global & Other Fast Signals                                            ;
+---------+----------+---------+----------------------+------------------+
; Name    ; Location ; Fan-Out ; Global Resource Used ; Global Line Name ;
+---------+----------+---------+----------------------+------------------+
; CLK_273 ; PIN_18   ; 8       ; Global clock         ; GCLK3            ;
+---------+----------+---------+----------------------+------------------+


+---------------------------------+
; Non-Global High Fan-Out Signals ;
+--------------------+------------+
; Name               ; Fan-Out    ;
+--------------------+------------+
; a74273:inst35|19   ; 6          ;
; a74273:inst35|18   ; 5          ;
; LDRi               ; 3          ;
; a74273:inst35|17   ; 3          ;
; RDBUS              ; 2          ;
; RSBUS              ; 2          ;
; a7455:inst23|3     ; 2          ;
; a7455:inst23|4~2   ; 2          ;
; a74273:inst35|16   ; 2          ;
; a7455:inst23|2~2   ; 2          ;
; a74240:inst33|6~24 ; 2          ;
; a74273:inst35|15   ; 2          ;
; a74273:inst35|14   ; 2          ;
; a74273:inst35|13   ; 2          ;
; BUS0               ; 1          ;
; BUS1               ; 1          ;
; BUS2               ; 1          ;
; BUS3               ; 1          ;
; BUS4               ; 1          ;
; BUS5               ; 1          ;
; BUS6               ; 1          ;
; BUS7               ; 1          ;
; LDR3N              ; 1          ;
; a7411:inst26|5~46  ; 1          ;
; a7411:inst26|5~45  ; 1          ;
; a7455:inst22|3     ; 1          ;
; a74273:inst35|12   ; 1          ;
; a7432:inst32|4     ; 1          ;
; a7411:inst29|5     ; 1          ;
; a7411:inst27|5~20  ; 1          ;
+--------------------+------------+


+------------------------------------------------+
; Interconnect Usage Summary                     ;
+----------------------------+-------------------+
; Interconnect Resource Type ; Usage             ;
+----------------------------+-------------------+
; C4s                        ; 29 / 784 ( 4 % )  ;
; Direct links               ; 3 / 888 ( < 1 % ) ;
; Global clocks              ; 1 / 4 ( 25 % )    ;
; LAB clocks                 ; 2 / 32 ( 6 % )    ;
; LUT chains                 ; 3 / 216 ( 1 % )   ;
; Local interconnects        ; 32 / 888 ( 4 % )  ;
; R4s                        ; 19 / 704 ( 3 % )  ;
+----------------------------+-------------------+


+--------------------------------------------------------------------------+
; LAB Logic Elements                                                       ;
+--------------------------------------------+-----------------------------+
; Number of Logic Elements  (Average = 6.50) ; Number of LABs  (Total = 2) ;
+--------------------------------------------+-----------------------------+
; 1                                          ; 0                           ;
; 2                                          ; 0                           ;
; 3                                          ; 0                           ;
; 4                                          ; 1                           ;
; 5                                          ; 0                           ;
; 6                                          ; 0                           ;
; 7                                          ; 0                           ;
; 8                                          ; 0                           ;
; 9                                          ; 1                           ;
; 10                                         ; 0                           ;
+--------------------------------------------+-----------------------------+


+------------------------------------------------------------------+
; LAB-wide Signals                                                 ;
+------------------------------------+-----------------------------+
; LAB-wide Signals  (Average = 1.00) ; Number of LABs  (Total = 2) ;
+------------------------------------+-----------------------------+
; 1 Clock                            ; 2                           ;
+------------------------------------+-----------------------------+


+---------------------------------------------------------------------------+
; LAB Signals Sourced                                                       ;
+---------------------------------------------+-----------------------------+
; Number of Signals Sourced  (Average = 9.00) ; Number of LABs  (Total = 2) ;
+---------------------------------------------+-----------------------------+
; 0                                           ; 0                           ;
; 1                                           ; 0                           ;
; 2                                           ; 0                           ;
; 3                                           ; 0                           ;
; 4                                           ; 0                           ;
; 5                                           ; 1                           ;
; 6                                           ; 0                           ;
; 7                                           ; 0                           ;
; 8                                           ; 0                           ;
; 9                                           ; 0                           ;
; 10                                          ; 0                           ;
; 11                                          ; 0                           ;
; 12                                          ; 0                           ;
; 13                                          ; 1                           ;
+---------------------------------------------+-----------------------------+


+-------------------------------------------------------------------------------+
; LAB Signals Sourced Out                                                       ;
+-------------------------------------------------+-----------------------------+
; Number of Signals Sourced Out  (Average = 7.50) ; Number of LABs  (Total = 2) ;
+-------------------------------------------------+-----------------------------+
; 0                                               ; 0                           ;
; 1                                               ; 0                           ;
; 2                                               ; 0                           ;
; 3                                               ; 0                           ;
; 4                                               ; 0                           ;
; 5                                               ; 1                           ;
; 6                                               ; 0                           ;
; 7                                               ; 0                           ;
; 8                                               ; 0                           ;
; 9                                               ; 0                           ;
; 10                                              ; 1                           ;
+-------------------------------------------------+-----------------------------+


+---------------------------------------------------------------------------+
; LAB Distinct Inputs                                                       ;
+---------------------------------------------+-----------------------------+
; Number of Distinct Inputs  (Average = 7.00) ; Number of LABs  (Total = 2) ;
+---------------------------------------------+-----------------------------+
; 0                                           ; 0                           ;
; 1                                           ; 0                           ;
; 2                                           ; 0                           ;
; 3                                           ; 0                           ;
; 4                                           ; 0                           ;
; 5                                           ; 1                           ;
; 6                                           ; 0                           ;
; 7                                           ; 0                           ;
; 8                                           ; 0                           ;
; 9                                           ; 1                           ;
+---------------------------------------------+-----------------------------+


+-------------------------------------------------------------------------+
; Fitter Device Options                                                   ;
+----------------------------------------------+--------------------------+
; Option                                       ; Setting                  ;
+----------------------------------------------+--------------------------+
; Enable user-supplied start-up clock (CLKUSR) ; Off                      ;
; Enable device-wide reset (DEV_CLRn)          ; Off                      ;
; Enable device-wide output enable (DEV_OE)    ; Off                      ;
; Enable INIT_DONE output                      ; Off                      ;
; Configuration scheme                         ; Passive Serial           ;
; Reserve all unused pins                      ; As output driving ground ;
; Base pin-out file on sameframe device        ; Off                      ;
+----------------------------------------------+--------------------------+


+----------------------------+
; Advanced Data - General    ;
+--------------------+-------+
; Name               ; Value ;
+--------------------+-------+
; Status Code        ; 0     ;
; Desired User Slack ; 0     ;
; Fit Attempts       ; 1     ;
+--------------------+-------+


+-----------------------------------------------------------------------------------------+
; Advanced Data - Placement Preparation                                                   ;
+--------------------------------------------------------------------------------+--------+
; Name                                                                           ; Value  ;
+--------------------------------------------------------------------------------+--------+
; Auto Fit Point 1 - Fit Attempt 1                                               ; ff     ;
; Mid Wire Use - Fit Attempt 1                                                   ; 7      ;
; Mid Slack - Fit Attempt 1                                                      ; -14505 ;
; Internal Atom Count - Fit Attempt 1                                            ; 13     ;
; LE/ALM Count - Fit Attempt 1                                                   ; 13     ;
; LAB Count - Fit Attempt 1                                                      ; 2      ;
; Outputs per Lab - Fit Attempt 1                                                ; 7.500  ;
; Inputs per LAB - Fit Attempt 1                                                 ; 7.500  ;
; Global Inputs per LAB - Fit Attempt 1                                          ; 1.000  ;
; LAB Constraint 'non-global clock / CE pair + async load' - Fit Attempt 1       ; 0:2    ;
; LAB Constraint 'ce + sync load' - Fit Attempt 1                                ; 0:2    ;
; LAB Constraint 'non-global controls' - Fit Attempt 1                           ; 0:2    ;
; LAB Constraint 'un-route combination' - Fit Attempt 1                          ; 0:2    ;
; LAB Constraint 'non-global with asyn_clear' - Fit Attempt 1                    ; 0:2    ;
; LAB Constraint 'un-route with async_clear' - Fit Attempt 1                     ; 0:2    ;
; LAB Constraint 'non-global async clear + sync clear' - Fit Attempt 1           ; 0:2    ;
; LAB Constraint 'global non-clock/non-asynch_clear' - Fit Attempt 1             ; 0:2    ;
; LAB Constraint 'ygr_cl_ngclk_gclkce_sload_aload_constraint' - Fit Attempt 1    ; 0:2    ;
; LAB Constraint 'global control signals' - Fit Attempt 1                        ; 1:2    ;
; LAB Constraint 'clock / ce pair constraint' - Fit Attempt 1                    ; 1:2    ;
; LAB Constraint 'aload_aclr pair with aload used' - Fit Attempt 1               ; 0:2    ;
; LAB Constraint 'aload_aclr pair' - Fit Attempt 1                               ; 1:2    ;
; LAB Constraint 'sload_sclear pair' - Fit Attempt 1                             ; 1:2    ;
; LAB Constraint 'invert_a constraint' - Fit Attempt 1                           ; 1:2    ;
; LAB Constraint 'has placement constraint' - Fit Attempt 1                      ; 0:2    ;
; LAB Constraint 'use of ADATA or SDATA by registers constraint' - Fit Attempt 1 ; 0:2    ;
; LEs in Chains - Fit Attempt 1                                                  ; 0      ;
; LEs in Long Chains - Fit Attempt 1                                             ; 0      ;
; LABs with Chains - Fit Attempt 1                                               ; 0      ;
; LABs with Multiple Chains - Fit Attempt 1                                      ; 0      ;
; Time - Fit Attempt 1                                                           ; 0      ;
; Time in tsm_tan.dll - Fit Attempt 1                                            ; 0.001  ;
+--------------------------------------------------------------------------------+--------+


+----------------------------------------------+
; Advanced Data - Placement                    ;
+-------------------------------------+--------+
; Name                                ; Value  ;
+-------------------------------------+--------+
; Auto Fit Point 2 - Fit Attempt 1    ; ff     ;
; Early Wire Use - Fit Attempt 1      ; 2      ;
; Early Slack - Fit Attempt 1         ; -14508 ;
; Auto Fit Point 3 - Fit Attempt 1    ; ff     ;
; Auto Fit Point 4 - Fit Attempt 1    ; ff     ;
; Mid Wire Use - Fit Attempt 1        ; 4      ;
; Mid Slack - Fit Attempt 1           ; -14508 ;
; Late Wire Use - Fit Attempt 1       ; 4      ;
; Late Slack - Fit Attempt 1          ; -14508 ;
; Auto Fit Point 5 - Fit Attempt 1    ; ff     ;
; Time - Fit Attempt 1                ; 0      ;
; Time in tsm_tan.dll - Fit Attempt 1 ; 0.028  ;
+-------------------------------------+--------+


+----------------------------------------------+
; Advanced Data - Routing                      ;
+-------------------------------------+--------+
; Name                                ; Value  ;
+-------------------------------------+--------+
; Early Slack - Fit Attempt 1         ; -12420 ;
; Early Wire Use - Fit Attempt 1      ; 4      ;
; Peak Regional Wire - Fit Attempt 1  ; 3      ;
; Mid Slack - Fit Attempt 1           ; -13389 ;
; Late Slack - Fit Attempt 1          ; -13389 ;
; Late Slack - Fit Attempt 1          ; -13389 ;
; Late Wire Use - Fit Attempt 1       ; 4      ;
; Time - Fit Attempt 1                ; 0      ;
; Time in tsm_tan.dll - Fit Attempt 1 ; 0.021  ;
+-------------------------------------+--------+


+-----------------+
; Fitter Messages ;
+-----------------+
Info: *******************************************************************
Info: Running Quartus II Fitter
    Info: Version 6.0 Build 178 04/27/2006 SJ Full Version
    Info: Processing started: Tue Jul 07 14:39:49 2015
Info: Command: quartus_fit --read_settings_files=off --write_settings_files=off EXEX -c EXEX
Info: Selected device EPM240T100C5 for design "EXEX"
Info: Fitter is performing an Auto Fit compilation, which may decrease Fitter effort to reduce compilation time
Info: Device migration not selected. If you intend to use device migration later, you may need to change the pin assignments as they may be incompatible with other devices
    Info: Device EPM240T100I5 is compatible
    Info: Device EPM570T100C5 is compatible
    Info: Device EPM570T100I5 is compatible
Info: Timing requirements not specified -- optimizing circuit to achieve the following default global requirements
    Info: Assuming a global fmax requirement of 1000 MHz
    Info: Assuming a global tsu requirement of 2.0 ns
    Info: Assuming a global tco requirement of 1.0 ns
    Info: Assuming a global tpd requirement of 1.0 ns
Info: Completed User Assigned Global Signals Promotion Operation
Info: Automatically promoted signal "CLK_273" to use Global clock
Info: Pin "CLK_273" drives global clock, but is not placed in a dedicated clock pin position
Info: Completed Auto Global Promotion Operation
Info: Starting register packing
Info: Fitter is using Normal packing mode for logic elements with Auto setting for Auto Packed Registers logic option
Info: Started processing fast register assignments
Info: Finished processing fast register assignments
Info: Finished register packing: elapsed time is 00:00:00
Info: Fitter placement preparation operations beginning
Info: Fitter placement preparation operations ending: elapsed time is 00:00:00
Info: Fitter placement operations beginning
Info: Fitter placement was successful
Info: Fitter placement operations ending: elapsed time is 00:00:00
Info: Estimated most critical path is register to pin delay of 9.010 ns
    Info: 1: + IC(0.000 ns) + CELL(0.000 ns) = 0.000 ns; Loc. = LAB_X2_Y3; Fanout = 3; REG Node = 'a74273:inst35|16'
    Info: 2: + IC(0.000 ns) + CELL(0.595 ns) = 0.595 ns; Loc. = LAB_X2_Y3; Fanout = 2; COMB Node = 'a7455:inst23|2~2'
    Info: 3: + IC(1.056 ns) + CELL(0.200 ns) = 1.851 ns; Loc. = LAB_X2_Y3; Fanout = 2; COMB Node = 'a7455:inst23|3'
    Info: 4: + IC(0.980 ns) + CELL(0.200 ns) = 3.031 ns; Loc. = LAB_X2_Y3; Fanout = 1; COMB Node = 'a7411:inst26|5~45'
    Info: 5: + IC(1.056 ns) + CELL(0.200 ns) = 4.287 ns; Loc. = LAB_X2_Y3; Fanout = 1; COMB Node = 'a7411:inst26|5~46'
    Info: 6: + IC(2.401 ns) + CELL(2.322 ns) = 9.010 ns; Loc. = PIN_43; Fanout = 0; PIN Node = 'R2BUS'
    Info: Total cell delay = 3.517 ns ( 39.03 % )
    Info: Total interconnect delay = 5.493 ns ( 60.97 % )
Info: Fitter routing operations beginning
Info: Average interconnect usage is 3% of the available device resources. Peak interconnect usage is 3%
    Info: The peak interconnect region extends from location x0_y0 to location x8_y5
Info: Fitter routing operations ending: elapsed time is 00:00:00
Info: The Fitter performed an Auto Fit compilation.  Optimizations were skipped to reduce compilation time.
    Info: Optimizations that may affect the design's routability were skipped
    Info: Optimizations that may affect the design's timing were skipped
Warning: Following 1 pins have nothing, GND, or VCC driving datain port -- changes to this connectivity may change fitting results
    Info: Pin LDR1 has GND driving its datain port
Info: Quartus II Fitter was successful. 0 errors, 1 warning
    Info: Processing ended: Tue Jul 07 14:39:49 2015
    Info: Elapsed time: 00:00:00


+----------------------------+
; Fitter Suppressed Messages ;
+----------------------------+
The suppressed messages can be found in C:/Users/fsszns/Desktop/EXEX/EXEX.fit.smsg.


